# JRE version: OpenJDK Runtime Environment (8.0_112-b06) (build 1.8.0_112-release-b06)
# Java VM: OpenJDK 64-Bit Server VM (25.112-b06 mixed mode windows-amd64 compressed oops)
Heap:
 PSYoungGen      total 260608K, used 58479K [0x00000000e0000000, 0x00000000f3d00000, 0x0000000100000000)
  eden space 209920K, 13% used [0x00000000e0000000,0x00000000e1af9de0,0x00000000ecd00000)
  from space 50688K, 60% used [0x00000000f0b80000,0x00000000f29a1fb0,0x00000000f3d00000)
  to   space 57344K, 0% used [0x00000000ecd00000,0x00000000ecd00000,0x00000000f0500000)
 ParOldGen       total 254976K, used 103385K [0x00000000a0000000, 0x00000000af900000, 0x00000000e0000000)
  object space 254976K, 40% used [0x00000000a0000000,0x00000000a64f6720,0x00000000af900000)
 Metaspace       used 62299K, capacity 65180K, committed 65536K, reserved 1105920K
  class space    used 8211K, capacity 8843K, committed 8960K, reserved 1048576K
GC Heap History (10 events):
Event: 31.013 GC heap before
{Heap before GC invocations=18 (full 3):
 PSYoungGen      total 206336K, used 182272K [0x00000000e0000000, 0x00000000ee700000, 0x0000000100000000)
  eden space 182272K, 100% used [0x00000000e0000000,0x00000000eb200000,0x00000000eb200000)
  from space 24064K, 0% used [0x00000000ecd00000,0x00000000ecd00000,0x00000000ee480000)
  to   space 27136K, 0% used [0x00000000eb200000,0x00000000eb200000,0x00000000ecc80000)
 ParOldGen       total 142336K, used 47929K [0x00000000a0000000, 0x00000000a8b00000, 0x00000000e0000000)
  object space 142336K, 33% used [0x00000000a0000000,0x00000000a2ece508,0x00000000a8b00000)
 Metaspace       used 59846K, capacity 62374K, committed 62592K, reserved 1103872K
  class space    used 7963K, capacity 8538K, committed 8576K, reserved 1048576K
Event: 31.074 GC heap after
Heap after GC invocations=18 (full 3):
 PSYoungGen      total 209408K, used 27104K [0x00000000e0000000, 0x00000000f5f00000, 0x0000000100000000)
  eden space 182272K, 0% used [0x00000000e0000000,0x00000000e0000000,0x00000000eb200000)
  from space 27136K, 99% used [0x00000000eb200000,0x00000000ecc780f0,0x00000000ecc80000)
  to   space 61440K, 0% used [0x00000000f2300000,0x00000000f2300000,0x00000000f5f00000)
 ParOldGen       total 142336K, used 129790K [0x00000000a0000000, 0x00000000a8b00000, 0x00000000e0000000)
  object space 142336K, 91% used [0x00000000a0000000,0x00000000a7ebf860,0x00000000a8b00000)
 Metaspace       used 59846K, capacity 62374K, committed 62592K, reserved 1103872K
  class space    used 7963K, capacity 8538K, committed 8576K, reserved 1048576K
}
Event: 31.074 GC heap before
{Heap before GC invocations=19 (full 4):
 PSYoungGen      total 209408K, used 27104K [0x00000000e0000000, 0x00000000f5f00000, 0x0000000100000000)
  eden space 182272K, 0% used [0x00000000e0000000,0x00000000e0000000,0x00000000eb200000)
  from space 27136K, 99% used [0x00000000eb200000,0x00000000ecc780f0,0x00000000ecc80000)
  to   space 61440K, 0% used [0x00000000f2300000,0x00000000f2300000,0x00000000f5f00000)
 ParOldGen       total 142336K, used 129790K [0x00000000a0000000, 0x00000000a8b00000, 0x00000000e0000000)
  object space 142336K, 91% used [0x00000000a0000000,0x00000000a7ebf860,0x00000000a8b00000)
 Metaspace       used 59846K, capacity 62374K, committed 62592K, reserved 1103872K
  class space    used 7963K, capacity 8538K, committed 8576K, reserved 1048576K
Event: 31.232 GC heap after
Heap after GC invocations=19 (full 4):
 PSYoungGen      total 209408K, used 0K [0x00000000e0000000, 0x00000000f5f00000, 0x0000000100000000)
  eden space 182272K, 0% used [0x00000000e0000000,0x00000000e0000000,0x00000000eb200000)
  from space 27136K, 0% used [0x00000000eb200000,0x00000000eb200000,0x00000000ecc80000)
  to   space 61440K, 0% used [0x00000000f2300000,0x00000000f2300000,0x00000000f5f00000)
 ParOldGen       total 254976K, used 103361K [0x00000000a0000000, 0x00000000af900000, 0x00000000e0000000)
  object space 254976K, 40% used [0x00000000a0000000,0x00000000a64f0720,0x00000000af900000)
 Metaspace       used 59846K, capacity 62374K, committed 62592K, reserved 1103872K
  class space    used 7963K, capacity 8538K, committed 8576K, reserved 1048576K
}
Event: 45.255 GC heap before
{Heap before GC invocations=20 (full 4):
 PSYoungGen      total 209408K, used 182272K [0x00000000e0000000, 0x00000000f5f00000, 0x0000000100000000)
  eden space 182272K, 100% used [0x00000000e0000000,0x00000000eb200000,0x00000000eb200000)
  from space 27136K, 0% used [0x00000000eb200000,0x00000000eb200000,0x00000000ecc80000)
  to   space 61440K, 0% used [0x00000000f2300000,0x00000000f2300000,0x00000000f5f00000)
 ParOldGen       total 254976K, used 103361K [0x00000000a0000000, 0x00000000af900000, 0x00000000e0000000)
  object space 254976K, 40% used [0x00000000a0000000,0x00000000a64f0720,0x00000000af900000)
 Metaspace       used 60769K, capacity 63354K, committed 63488K, reserved 1103872K
  class space    used 8054K, capacity 8670K, committed 8704K, reserved 1048576K
Event: 45.266 GC heap after
Heap after GC invocations=20 (full 4):
 PSYoungGen      total 270336K, used 4616K [0x00000000e0000000, 0x00000000f5080000, 0x0000000100000000)
  eden space 223744K, 0% used [0x00000000e0000000,0x00000000e0000000,0x00000000eda80000)
  from space 46592K, 9% used [0x00000000f2300000,0x00000000f27820b0,0x00000000f5080000)
  to   space 60416K, 0% used [0x00000000eda80000,0x00000000eda80000,0x00000000f1580000)
 ParOldGen       total 254976K, used 103369K [0x00000000a0000000, 0x00000000af900000, 0x00000000e0000000)
  object space 254976K, 40% used [0x00000000a0000000,0x00000000a64f2720,0x00000000af900000)
 Metaspace       used 60769K, capacity 63354K, committed 63488K, reserved 1103872K
  class space    used 8054K, capacity 8670K, committed 8704K, reserved 1048576K
}
Event: 1932.474 GC heap before
{Heap before GC invocations=21 (full 4):
 PSYoungGen      total 270336K, used 228360K [0x00000000e0000000, 0x00000000f5080000, 0x0000000100000000)
  eden space 223744K, 100% used [0x00000000e0000000,0x00000000eda80000,0x00000000eda80000)
  from space 46592K, 9% used [0x00000000f2300000,0x00000000f27820b0,0x00000000f5080000)
  to   space 60416K, 0% used [0x00000000eda80000,0x00000000eda80000,0x00000000f1580000)
 ParOldGen       total 254976K, used 103369K [0x00000000a0000000, 0x00000000af900000, 0x00000000e0000000)
  object space 254976K, 40% used [0x00000000a0000000,0x00000000a64f2720,0x00000000af900000)
 Metaspace       used 62170K, capacity 64960K, committed 65280K, reserved 1105920K
  class space    used 8208K, capacity 8839K, committed 8960K, reserved 1048576K
Event: 1932.529 GC heap after
Heap after GC invocations=21 (full 4):
 PSYoungGen      total 239104K, used 22470K [0x00000000e0000000, 0x00000000f4380000, 0x0000000100000000)
  eden space 216576K, 0% used [0x00000000e0000000,0x00000000e0000000,0x00000000ed380000)
  from space 22528K, 99% used [0x00000000eda80000,0x00000000ef071aa8,0x00000000ef080000)
  to   space 57344K, 0% used [0x00000000f0b80000,0x00000000f0b80000,0x00000000f4380000)
 ParOldGen       total 254976K, used 103377K [0x00000000a0000000, 0x00000000af900000, 0x00000000e0000000)
  object space 254976K, 40% used [0x00000000a0000000,0x00000000a64f4720,0x00000000af900000)
 Metaspace       used 62170K, capacity 64960K, committed 65280K, reserved 1105920K
  class space    used 8208K, capacity 8839K, committed 8960K, reserved 1048576K
}
Event: 1946.945 GC heap before
{Heap before GC invocations=22 (full 4):
 PSYoungGen      total 239104K, used 238041K [0x00000000e0000000, 0x00000000f4380000, 0x0000000100000000)
  eden space 216576K, 99% used [0x00000000e0000000,0x00000000ed284aa0,0x00000000ed380000)
  from space 22528K, 99% used [0x00000000eda80000,0x00000000ef071aa8,0x00000000ef080000)
  to   space 57344K, 0% used [0x00000000f0b80000,0x00000000f0b80000,0x00000000f4380000)
 ParOldGen       total 254976K, used 103377K [0x00000000a0000000, 0x00000000af900000, 0x00000000e0000000)
  object space 254976K, 40% used [0x00000000a0000000,0x00000000a64f4720,0x00000000af900000)
 Metaspace       used 62245K, capacity 65030K, committed 65280K, reserved 1105920K
  class space    used 8209K, capacity 8840K, committed 8960K, reserved 1048576K
Event: 1946.988 GC heap after
Heap after GC invocations=22 (full 4):
 PSYoungGen      total 260608K, used 30855K [0x00000000e0000000, 0x00000000f3d00000, 0x0000000100000000)
  eden space 209920K, 0% used [0x00000000e0000000,0x00000000e0000000,0x00000000ecd00000)
  from space 50688K, 60% used [0x00000000f0b80000,0x00000000f29a1fb0,0x00000000f3d00000)
  to   space 57344K, 0% used [0x00000000ecd00000,0x00000000ecd00000,0x00000000f0500000)
 ParOldGen       total 254976K, used 103385K [0x00000000a0000000, 0x00000000af900000, 0x00000000e0000000)
  object space 254976K, 40% used [0x00000000a0000000,0x00000000a64f6720,0x00000000af900000)
 Metaspace       used 62245K, capacity 65030K, committed 65280K, reserved 1105920K
  class space    used 8209K, capacity 8840K, committed 8960K, reserved 1048576K
}

